{"level":"INFO","message":"[1:09:11.975 AM]: Trying to initialize Easy Logging"}
{"level":"INFO","message":"[1:09:11.987 AM]: No client config file found in default directories"}
{"level":"INFO","message":"[1:09:11.987 AM]: Easy Logging is disabled as no config has been found"}
{"level":"INFO","message":"[1:10:32.360 AM]: Trying to initialize Easy Logging"}
{"level":"INFO","message":"[1:10:32.371 AM]: No client config file found in default directories"}
{"level":"INFO","message":"[1:10:32.372 AM]: Easy Logging is disabled as no config has been found"}
{"level":"INFO","message":"[11:24:49.969 AM]: Trying to initialize Easy Logging"}
{"level":"INFO","message":"[11:24:49.979 AM]: No client config file found in default directories"}
{"level":"INFO","message":"[11:24:49.980 AM]: Easy Logging is disabled as no config has been found"}
{"level":"INFO","message":"[11:27:18.486 AM]: Trying to initialize Easy Logging"}
{"level":"INFO","message":"[11:27:18.499 AM]: No client config file found in default directories"}
{"level":"INFO","message":"[11:27:18.499 AM]: Easy Logging is disabled as no config has been found"}
{"level":"INFO","message":"[11:29:29.071 AM]: Trying to initialize Easy Logging"}
{"level":"INFO","message":"[11:29:29.082 AM]: No client config file found in default directories"}
{"level":"INFO","message":"[11:29:29.083 AM]: Easy Logging is disabled as no config has been found"}
{"level":"INFO","message":"[11:34:12.860 AM]: Trying to initialize Easy Logging"}
{"level":"INFO","message":"[11:34:12.870 AM]: No client config file found in default directories"}
{"level":"INFO","message":"[11:34:12.871 AM]: Easy Logging is disabled as no config has been found"}
{"level":"INFO","message":"[11:39:41.273 AM]: Trying to initialize Easy Logging"}
{"level":"INFO","message":"[11:39:41.284 AM]: No client config file found in default directories"}
{"level":"INFO","message":"[11:39:41.285 AM]: Easy Logging is disabled as no config has been found"}
{"level":"INFO","message":"[11:41:34.960 AM]: Trying to initialize Easy Logging"}
{"level":"INFO","message":"[11:41:34.971 AM]: No client config file found in default directories"}
{"level":"INFO","message":"[11:41:34.972 AM]: Easy Logging is disabled as no config has been found"}
{"level":"INFO","message":"[11:46:40.589 AM]: Trying to initialize Easy Logging"}
{"level":"INFO","message":"[11:46:40.600 AM]: No client config file found in default directories"}
{"level":"INFO","message":"[11:46:40.601 AM]: Easy Logging is disabled as no config has been found"}
{"level":"INFO","message":"[11:57:40.224 AM]: Trying to initialize Easy Logging"}
{"level":"INFO","message":"[11:57:40.234 AM]: No client config file found in default directories"}
{"level":"INFO","message":"[11:57:40.235 AM]: Easy Logging is disabled as no config has been found"}
{"level":"INFO","message":"[12:43:26.975 PM]: Trying to initialize Easy Logging"}
{"level":"INFO","message":"[12:43:26.985 PM]: No client config file found in default directories"}
{"level":"INFO","message":"[12:43:26.986 PM]: Easy Logging is disabled as no config has been found"}
{"level":"INFO","message":"[1:12:14.036 PM]: Trying to initialize Easy Logging"}
{"level":"INFO","message":"[1:12:14.046 PM]: No client config file found in default directories"}
{"level":"INFO","message":"[1:12:14.047 PM]: Easy Logging is disabled as no config has been found"}
{"level":"INFO","message":"[3:47:32.299 PM]: Trying to initialize Easy Logging"}
{"level":"INFO","message":"[3:47:32.312 PM]: No client config file found in default directories"}
{"level":"INFO","message":"[3:47:32.313 PM]: Easy Logging is disabled as no config has been found"}
{"level":"INFO","message":"[3:48:46.621 PM]: Trying to initialize Easy Logging"}
{"level":"INFO","message":"[3:48:46.636 PM]: No client config file found in default directories"}
{"level":"INFO","message":"[3:48:46.637 PM]: Easy Logging is disabled as no config has been found"}
{"level":"INFO","message":"[3:49:32.242 PM]: Trying to initialize Easy Logging"}
{"level":"INFO","message":"[3:49:32.256 PM]: No client config file found in default directories"}
{"level":"INFO","message":"[3:49:32.256 PM]: Easy Logging is disabled as no config has been found"}
{"level":"INFO","message":"[3:50:27.296 PM]: Trying to initialize Easy Logging"}
{"level":"INFO","message":"[3:50:27.309 PM]: No client config file found in default directories"}
{"level":"INFO","message":"[3:50:27.310 PM]: Easy Logging is disabled as no config has been found"}
{"level":"INFO","message":"[3:51:26.313 PM]: Trying to initialize Easy Logging"}
{"level":"INFO","message":"[3:51:26.325 PM]: No client config file found in default directories"}
{"level":"INFO","message":"[3:51:26.327 PM]: Easy Logging is disabled as no config has been found"}
{"level":"INFO","message":"[4:12:03.516 PM]: Trying to initialize Easy Logging"}
{"level":"INFO","message":"[4:12:03.529 PM]: No client config file found in default directories"}
{"level":"INFO","message":"[4:12:03.529 PM]: Easy Logging is disabled as no config has been found"}
{"level":"INFO","message":"[4:13:42.319 PM]: Trying to initialize Easy Logging"}
{"level":"INFO","message":"[4:13:42.331 PM]: No client config file found in default directories"}
{"level":"INFO","message":"[4:13:42.332 PM]: Easy Logging is disabled as no config has been found"}
{"level":"INFO","message":"[9:45:47.749 PM]: Trying to initialize Easy Logging"}
{"level":"INFO","message":"[9:45:47.760 PM]: No client config file found in default directories"}
{"level":"INFO","message":"[9:45:47.761 PM]: Easy Logging is disabled as no config has been found"}
